<?xml version="1.0" encoding="UTF-8"?>
<testsuite name="WallServiceTest" tests="4" skipped="0" failures="0" errors="0" timestamp="2022-11-19T12:59:59" hostname="DESKTOP-DF5EQ1H" time="0.214">
  <properties/>
  <testcase name="testAdd" classname="WallServiceTest" time="0.211"/>
  <testcase name="testUpdateTrue" classname="WallServiceTest" time="0.001"/>
  <testcase name="updateFalse" classname="WallServiceTest" time="0.001"/>
  <testcase name="addMultiple" classname="WallServiceTest" time="0.001"/>
  <system-out><![CDATA[Post(id=1, ownerId=0, fromId=0, createdBy=0, date=1668862799, text=Message, replyOwnerId=0, replyPostId=0, friendsOnly=true, comments=Comments(count=0, canPost=true, groupsCanPost=true, canClose=true, canOpen=true), copyright=some text, likes=Likes(count=0, userLikes=true, canLike=true, canPublish=true), reposts=0, views=0, postType=post, postSource=null, attachments=[], geo=null, singerId=0, copyHistory=[], canPin=true, canDelete=true, canEdit=true, isPinned=true, markedAsAds=true, isFavorite=true, postponedId=1)

Post(id=1, ownerId=0, fromId=0, createdBy=0, date=1668862799, text=Hello, replyOwnerId=0, replyPostId=0, friendsOnly=true, comments=Comments(count=0, canPost=true, groupsCanPost=true, canClose=true, canOpen=true), copyright=some_text, likes=Likes(count=0, userLikes=true, canLike=true, canPublish=true), reposts=0, views=0, postType=post, postSource=null, attachments=[], geo=null, singerId=0, copyHistory=[], canPin=true, canDelete=true, canEdit=true, isPinned=true, markedAsAds=true, isFavorite=true, postponedId=1)

Post(id=1, ownerId=0, fromId=0, createdBy=0, date=1668862799, text= , replyOwnerId=0, replyPostId=0, friendsOnly=true, comments=Comments(count=0, canPost=true, groupsCanPost=true, canClose=true, canOpen=true), copyright=some+text, likes=Likes(count=0, userLikes=true, canLike=true, canPublish=true), reposts=0, views=0, postType=post, postSource=null, attachments=[], geo=null, singerId=0, copyHistory=[], canPin=true, canDelete=true, canEdit=true, isPinned=true, markedAsAds=true, isFavorite=true, postponedId=1)

Post(id=1, ownerId=0, fromId=0, createdBy=0, date=1668862799, text= , replyOwnerId=0, replyPostId=0, friendsOnly=true, comments=Comments(count=0, canPost=true, groupsCanPost=true, canClose=true, canOpen=true), copyright=some, likes=Likes(count=0, userLikes=true, canLike=true, canPublish=true), reposts=0, views=0, postType=post, postSource=null, attachments=[], geo=null, singerId=0, copyHistory=[], canPin=true, canDelete=true, canEdit=true, isPinned=true, markedAsAds=true, isFavorite=true, postponedId=1)
Post(id=2, ownerId=0, fromId=0, createdBy=0, date=1668862799, text= , replyOwnerId=0, replyPostId=0, friendsOnly=true, comments=Comments(count=0, canPost=true, groupsCanPost=true, canClose=true, canOpen=true), copyright=some, likes=Likes(count=0, userLikes=true, canLike=true, canPublish=true), reposts=0, views=0, postType=post, postSource=null, attachments=[], geo=null, singerId=0, copyHistory=[], canPin=true, canDelete=true, canEdit=true, isPinned=true, markedAsAds=true, isFavorite=true, postponedId=1)

]]></system-out>
  <system-err><![CDATA[]]></system-err>
</testsuite>
